<?xml version="1.0" encoding="UTF-8"?>
<testsuite name="com.builders.web.HelloServletTest" tests="1" skipped="0" failures="0" errors="0" timestamp="2021-09-12T11:42:42" hostname="MacBook" time="0.032">
  <properties/>
  <testcase name="testHello()" classname="com.builders.web.HelloServletTest" time="0.032"/>
  <system-out><![CDATA[]]></system-out>
  <system-err><![CDATA[]]></system-err>
</testsuite>
