<?xml version="1.0" encoding="UTF-8"?>
<testsuite name="com.builders.services.BuilderServiceTest" tests="1" skipped="0" failures="0" errors="0" timestamp="2021-09-12T11:42:39" hostname="MacBook" time="0.026">
  <properties/>
  <testcase name="testHello()" classname="com.builders.services.BuilderServiceTest" time="0.026"/>
  <system-out><![CDATA[]]></system-out>
  <system-err><![CDATA[]]></system-err>
</testsuite>
